<?xml version="1.0" encoding="UTF-8"?>
<testsuite name="TestSuite" time="98.88" tests="1" errors="0" skipped="0" failures="1">
  <properties>
    <property name="java.vendor" value="Oracle Corporation"/>
    <property name="JOB_NAME" value="SampleGitTest"/>
    <property name="sun.java.launcher" value="SUN_STANDARD"/>
    <property name="NUMBER_OF_PROCESSORS" value="4"/>
    <property name="sun.management.compiler" value="HotSpot 64-Bit Tiered Compilers"/>
    <property name="JENKINS_HOME" value="C:\Users\SONY\.jenkins"/>
    <property name="HUDSON_SERVER_COOKIE" value="f03ae1a6d5c05ac2"/>
    <property name="POM_ARTIFACTID" value="samplegitTest"/>
    <property name="os.name" value="Windows 10"/>
    <property name="sun.boot.class.path" value="C:\Program Files\Java\jdk1.8.0_162\jre\lib\resources.jar;C:\Program Files\Java\jdk1.8.0_162\jre\lib\rt.jar;C:\Program Files\Java\jdk1.8.0_162\jre\lib\sunrsasign.jar;C:\Program Files\Java\jdk1.8.0_162\jre\lib\jsse.jar;C:\Program Files\Java\jdk1.8.0_162\jre\lib\jce.jar;C:\Program Files\Java\jdk1.8.0_162\jre\lib\charsets.jar;C:\Program Files\Java\jdk1.8.0_162\jre\lib\jfr.jar;C:\Program Files\Java\jdk1.8.0_162\jre\classes"/>
    <property name="EXECUTOR_NUMBER" value="1"/>
    <property name="sun.desktop" value="windows"/>
    <property name="PATHEXT" value=".COM;.EXE;.BAT;.CMD;.VBS;.VBE;.JS;.JSE;.WSF;.WSH;.MSC"/>
    <property name="java.vm.specification.vendor" value="Oracle Corporation"/>
    <property name="POM_DISPLAYNAME" value="samplegitTest"/>
    <property name="M2E" value="C:\Maven\apache-maven-3.3.9"/>
    <property name="NODE_LABELS" value="master"/>
    <property name="TEMP" value="C:\Users\SONY\AppData\Local\Temp"/>
    <property name="java.runtime.version" value="1.8.0_162-b12"/>
    <property name="suiteXmlFile" value="testng2.xml"/>
    <property name="user.name" value="SONY"/>
    <property name="guice.disable.misplaced.annotation.check" value="true"/>
    <property name="CommonProgramW6432" value="C:\Program Files\Common Files"/>
    <property name="ProgramFiles" value="C:\Program Files"/>
    <property name="PROMPT" value="$P$G"/>
    <property name="user.language" value="en"/>
    <property name="JOB_BASE_NAME" value="SampleGitTest"/>
    <property name="RUN_CHANGES_DISPLAY_URL" value="http://localhost:8080/job/SampleGitTest/11/display/redirect?page=changes"/>
    <property name="BUILD_DISPLAY_NAME" value="#11"/>
    <property name="OneDrive" value="C:\Users\SONY\OneDrive"/>
    <property name="sun.boot.library.path" value="C:\Program Files\Java\jdk1.8.0_162\jre\bin"/>
    <property name="LOCALAPPDATA" value="C:\Users\SONY\AppData\Local"/>
    <property name="java.version" value="1.8.0_162"/>
    <property name="PROCESSOR_LEVEL" value="6"/>
    <property name="user.timezone" value="Asia/Calcutta"/>
    <property name="java.net.preferIPv4Stack" value="true"/>
    <property name="USERNAME" value="SONY"/>
    <property name="sun.arch.data.model" value="64"/>
    <property name="NODE_NAME" value="master"/>
    <property name="java.endorsed.dirs" value="C:\Program Files\Java\jdk1.8.0_162\jre\lib\endorsed"/>
    <property name="BUILD_ID" value="11"/>
    <property name="sun.cpu.isalist" value="amd64"/>
    <property name="sun.jnu.encoding" value="Cp1252"/>
    <property name="file.encoding.pkg" value="sun.io"/>
    <property name="file.separator" value="\"/>
    <property name="java.specification.name" value="Java Platform API Specification"/>
    <property name="HOMEDRIVE" value="C:"/>
    <property name="java.class.version" value="52.0"/>
    <property name="=::" value="::\"/>
    <property name="SCITE_USERHOME" value="C:\Users\SONY\AppData\Local\AutoIt v3\SciTE"/>
    <property name="org.slf4j.simpleLogger.defaultLogLevel" value="info"/>
    <property name="user.country" value="IN"/>
    <property name="ALLUSERSPROFILE" value="C:\ProgramData"/>
    <property name="java.home" value="C:\Program Files\Java\jdk1.8.0_162\jre"/>
    <property name="java.vm.info" value="mixed mode"/>
    <property name="os.version" value="10.0"/>
    <property name="RUN_DISPLAY_URL" value="http://localhost:8080/job/SampleGitTest/11/display/redirect"/>
    <property name="POM_VERSION" value="0.0.1-SNAPSHOT"/>
    <property name="TMP" value="C:\Users\SONY\AppData\Local\Temp"/>
    <property name="path.separator" value=";"/>
    <property name="java.vm.version" value="25.162-b12"/>
    <property name="user.variant" value=""/>
    <property name="JOB_DISPLAY_URL" value="http://localhost:8080/job/SampleGitTest/display/redirect"/>
    <property name="CommonProgramFiles(x86)" value="C:\Program Files (x86)\Common Files"/>
    <property name="USERDOMAIN_ROAMINGPROFILE" value="DESKTOP-BU5HHNK"/>
    <property name="java.awt.printerjob" value="sun.awt.windows.WPrinterJob"/>
    <property name="JAVA_HOME" value="C:\Program Files\Java\jdk1.8.0_162"/>
    <property name="sun.io.unicode.encoding" value="UnicodeLittle"/>
    <property name="CommonProgramFiles" value="C:\Program Files\Common Files"/>
    <property name="ComSpec" value="C:\WINDOWS\system32\cmd.exe"/>
    <property name="awt.toolkit" value="sun.awt.windows.WToolkit"/>
    <property name="HOMEPATH" value="\Users\SONY"/>
    <property name="POM_PACKAGING" value="jar"/>
    <property name="user.script" value=""/>
    <property name="COMPUTERNAME" value="DESKTOP-BU5HHNK"/>
    <property name="POM_GROUPID" value="com.vmetry"/>
    <property name="user.home" value="C:\Users\SONY"/>
    <property name="PUBLIC" value="C:\Users\Public"/>
    <property name="BUILD_TAG" value="jenkins-SampleGitTest-11"/>
    <property name="JENKINS_SERVER_COOKIE" value="f03ae1a6d5c05ac2"/>
    <property name="HUDSON_URL" value="http://localhost:8080/"/>
    <property name="ProgramData" value="C:\ProgramData"/>
    <property name="java.specification.vendor" value="Oracle Corporation"/>
    <property name="USERPROFILE" value="C:\Users\SONY"/>
    <property name="CLASSPATH" value=""/>
    <property name="java.vendor.url" value="http://java.oracle.com/"/>
    <property name="java.library.path" value="C:\Program Files\Java\jdk1.8.0_162\bin;C:\WINDOWS\Sun\Java\bin;C:\WINDOWS\system32;C:\WINDOWS;C:\Maven\apache-maven-3.3.9/bin;C:\Maven\apache-maven-3.3.9\bin;C:\Program Files\Java\jdk1.8.0_162\bin;C:\Program Files\Java\jre1.8.0_162\bin;C:\ProgramData\Oracle\Java\javapath;C:\WINDOWS\system32;C:\WINDOWS;C:\WINDOWS\System32\Wbem;C:\WINDOWS\System32\WindowsPowerShell\v1.0\;C:\WINDOWS\System32\OpenSSH\;C:\Program Files\Git\cmd;C:\Users\SONY\AppData\Local\Microsoft\WindowsApps;;."/>
    <property name="java.vm.vendor" value="Oracle Corporation"/>
    <property name="APPDATA" value="C:\Users\SONY\AppData\Roaming"/>
    <property name="java.runtime.name" value="Java(TM) SE Runtime Environment"/>
    <property name="maven.home" value="C:\Maven\apache-maven-3.3.9"/>
    <property name="java.class.path" value="C:\Users\SONY\.jenkins\plugins\maven-plugin\WEB-INF\lib\maven33-agent-1.12-alpha-1.jar;C:\Maven\apache-maven-3.3.9\boot\plexus-classworlds-2.5.2.jar;C:\Maven\apache-maven-3.3.9/conf/logging"/>
    <property name="sun.java.command" value="jenkins.maven3.agent.Maven33Main C:\Maven\apache-maven-3.3.9 C:\Users\SONY\.jenkins\war\WEB-INF\lib\remoting-3.20.jar C:\Users\SONY\.jenkins\plugins\maven-plugin\WEB-INF\lib\maven33-interceptor-1.12-alpha-1.jar C:\Users\SONY\.jenkins\plugins\maven-plugin\WEB-INF\lib\maven3-interceptor-commons-1.12-alpha-1.jar 55947"/>
    <property name="Path" value="C:\Maven\apache-maven-3.3.9\bin;C:\Program Files\Java\jdk1.8.0_162\bin;C:\Program Files\Java\jre1.8.0_162\bin;C:\ProgramData\Oracle\Java\javapath;C:\WINDOWS\system32;C:\WINDOWS;C:\WINDOWS\System32\Wbem;C:\WINDOWS\System32\WindowsPowerShell\v1.0\;C:\WINDOWS\System32\OpenSSH\;C:\Program Files\Git\cmd;C:\Users\SONY\AppData\Local\Microsoft\WindowsApps;"/>
    <property name="java.vm.specification.name" value="Java Virtual Machine Specification"/>
    <property name="PROCESSOR_ARCHITECTURE" value="AMD64"/>
    <property name="PROCESSOR_IDENTIFIER" value="Intel64 Family 6 Model 58 Stepping 9, GenuineIntel"/>
    <property name="SESSIONNAME" value="Console"/>
    <property name="java.vm.specification.version" value="1.8"/>
    <property name="sun.os.patch.level" value=""/>
    <property name="sun.cpu.endian" value="little"/>
    <property name="M2_HOME" value="C:\Maven\apache-maven-3.3.9"/>
    <property name="java.io.tmpdir" value="C:\Users\SONY\AppData\Local\Temp\"/>
    <property name="OS" value="Windows_NT"/>
    <property name="HUDSON_HOME" value="C:\Users\SONY\.jenkins"/>
    <property name="PATH+MAVEN" value="C:\Maven\apache-maven-3.3.9/bin"/>
    <property name="ProgramFiles(x86)" value="C:\Program Files (x86)"/>
    <property name="BUILD_URL" value="http://localhost:8080/job/SampleGitTest/11/"/>
    <property name="java.vendor.url.bug" value="http://bugreport.sun.com/bugreport/"/>
    <property name="Suite" value="testng2.xml"/>
    <property name="java.awt.graphicsenv" value="sun.awt.Win32GraphicsEnvironment"/>
    <property name="os.arch" value="amd64"/>
    <property name="SystemRoot" value="C:\WINDOWS"/>
    <property name="java.ext.dirs" value="C:\Program Files\Java\jdk1.8.0_162\jre\lib\ext;C:\WINDOWS\Sun\Java\lib\ext"/>
    <property name="user.dir" value="C:\SeleniumWorkspace\samplegitTest"/>
    <property name="_JAVA_OPTIONS" value="-Djava.net.preferIPv4Stack=true"/>
    <property name="JOB_URL" value="http://localhost:8080/job/SampleGitTest/"/>
    <property name="LOGONSERVER" value="\\DESKTOP-BU5HHNK"/>
    <property name="USERDOMAIN" value="DESKTOP-BU5HHNK"/>
    <property name="line.separator" value="&#10;"/>
    <property name="MAVEN_HOME" value="C:\Maven\apache-maven-3.3.9"/>
    <property name="java.vm.name" value="Java HotSpot(TM) 64-Bit Server VM"/>
    <property name="BUILD_NUMBER" value="11"/>
    <property name="JENKINS_URL" value="http://localhost:8080/"/>
    <property name="PROCESSOR_REVISION" value="3a09"/>
    <property name="ProgramW6432" value="C:\Program Files"/>
    <property name="windir" value="C:\WINDOWS"/>
    <property name="=C:" value="C:\Jenkins"/>
    <property name="file.encoding" value="Cp1252"/>
    <property name="SystemDrive" value="C:"/>
    <property name="maven3.interceptor" value="C:\Users\SONY\.jenkins\plugins\maven-plugin\WEB-INF\lib\maven33-interceptor-1.12-alpha-1.jar"/>
    <property name="WORKSPACE" value="C:\Users\SONY\.jenkins\workspace\SampleGitTest"/>
    <property name="maven3.interceptor.common" value="C:\Users\SONY\.jenkins\plugins\maven-plugin\WEB-INF\lib\maven3-interceptor-commons-1.12-alpha-1.jar"/>
    <property name="java.specification.version" value="1.8"/>
    <property name="PSModulePath" value="C:\Program Files (x86)\WindowsPowerShell\Modules;C:\WINDOWS\system32\WindowsPowerShell\v1.0\Modules;C:\Program Files (x86)\AutoIt3\AutoItX"/>
    <property name="DriverData" value="C:\Windows\System32\Drivers\DriverData"/>
  </properties>
  <testcase name="logintest" classname="sampleGitTest.SampleGitTest2" time="98.88">
    <failure message="Failed to connect to binary FirefoxBinary(C:\Program Files (x86)\Mozilla Firefox\firefox.exe) on port 7055; process output follows: &#10;&quot;updateKey&quot;:null,&quot;optionsURL&quot;:null,&quot;optionsType&quot;:null,&quot;aboutURL&quot;:null,&quot;icons&quot;:{&quot;32&quot;:&quot;icon.png&quot;,&quot;48&quot;:&quot;icon.png&quot;},&quot;iconURL&quot;:null,&quot;icon64URL&quot;:null,&quot;defaultLocale&quot;:{&quot;name&quot;:&quot;Default&quot;,&quot;description&quot;:&quot;The default theme.&quot;,&quot;creator&quot;:&quot;Mozilla&quot;,&quot;homepageURL&quot;:null,&quot;contributors&quot;:[&quot;Mozilla Contributors&quot;]},&quot;visible&quot;:true,&quot;active&quot;:true,&quot;userDisabled&quot;:false,&quot;appDisabled&quot;:false,&quot;descriptor&quot;:&quot;C:\\Program Files (x86)\\Mozilla Firefox\\browser\\extensions\\{972ce4c6-7e08-4474-a285-3208198ce6fd}.xpi&quot;,&quot;installDate&quot;:1466734942000,&quot;updateDate&quot;:1466734942000,&quot;applyBackgroundUpdates&quot;:1,&quot;skinnable&quot;:true,&quot;size&quot;:22012,&quot;sourceURI&quot;:null,&quot;releaseNotesURI&quot;:null,&quot;softDisabled&quot;:false,&quot;foreignInstall&quot;:false,&quot;hasBinaryComponents&quot;:false,&quot;strictCompatibility&quot;:true,&quot;locales&quot;:[],&quot;targetApplications&quot;:[{&quot;id&quot;:&quot;{ec8030f7-c20a-464f-9b0e-13a3a9e97384}&quot;,&quot;minVersion&quot;:&quot;47.0.1&quot;,&quot;maxVersion&quot;:&quot;47.0.1&quot;}],&quot;targetPlatforms&quot;:[],&quot;seen&quot;:true}&#10;1529734266848	addons.xpi	DEBUG	getModTime: Recursive scan of {972ce4c6-7e08-4474-a285-3208198ce6fd}&#10;1529734266850	DeferredSave.extensions.json	DEBUG	Save changes&#10;1529734266850	addons.xpi	DEBUG	Updating database with changes to installed add-ons&#10;1529734266850	addons.xpi-utils	DEBUG	Updating add-on states&#10;1529734266852	addons.xpi-utils	DEBUG	Writing add-ons list&#10;1529734266857	addons.xpi	DEBUG	Registering manifest for C:\Program Files (x86)\Mozilla Firefox\browser\features\e10srollout@mozilla.org.xpi&#10;1529734266857	addons.xpi	DEBUG	Calling bootstrap method startup on e10srollout@mozilla.org version 1.0&#10;1529734266858	addons.xpi	DEBUG	Registering manifest for C:\Program Files (x86)\Mozilla Firefox\browser\features\firefox@getpocket.com.xpi&#10;1529734266862	addons.xpi	DEBUG	Calling bootstrap method startup on firefox@getpocket.com version 1.0.2&#10;1529734266863	addons.xpi	DEBUG	Registering manifest for C:\Program Files (x86)\Mozilla Firefox\browser\features\loop@mozilla.org.xpi&#10;1529734266864	addons.xpi	DEBUG	Calling bootstrap method startup on loop@mozilla.org version 1.3.2&#10;1529734266890	addons.manager	DEBUG	Registering shutdown blocker for XPIProvider&#10;1529734266891	addons.manager	DEBUG	Provider finished startup: XPIProvider&#10;1529734266891	addons.manager	DEBUG	Starting provider: LightweightThemeManager&#10;1529734266891	addons.manager	DEBUG	Registering shutdown blocker for LightweightThemeManager&#10;1529734266891	addons.manager	DEBUG	Provider finished startup: LightweightThemeManager&#10;1529734266892	addons.manager	DEBUG	Starting provider: GMPProvider&#10;1529734266919	addons.manager	DEBUG	Registering shutdown blocker for GMPProvider&#10;1529734266919	addons.manager	DEBUG	Provider finished startup: GMPProvider&#10;1529734266919	addons.manager	DEBUG	Starting provider: PluginProvider&#10;1529734266919	addons.manager	DEBUG	Registering shutdown blocker for PluginProvider&#10;1529734266920	addons.manager	DEBUG	Provider finished startup: PluginProvider&#10;1529734266920	addons.manager	DEBUG	Completed startup sequence&#10;1529734278536	addons.manager	DEBUG	Starting provider: &lt;unnamed-provider&gt;&#10;1529734278537	addons.manager	DEBUG	Registering shutdown blocker for &lt;unnamed-provider&gt;&#10;1529734278537	addons.manager	DEBUG	Provider finished startup: &lt;unnamed-provider&gt;&#10;1529734294070	DeferredSave.extensions.json	DEBUG	Write succeeded&#10;1529734294071	addons.xpi-utils	DEBUG	XPI Database saved, setting schema version preference to 17&#10;1529734294072	DeferredSave.extensions.json	DEBUG	Starting timer&#10;1529734294097	DeferredSave.extensions.json	DEBUG	Starting write&#10;1529734294101	addons.repository	DEBUG	No addons.json found.&#10;1529734294104	DeferredSave.addons.json	DEBUG	Save changes&#10;1529734294211	DeferredSave.addons.json	DEBUG	Starting timer&#10;1529734296171	addons.manager	DEBUG	Starting provider: PreviousExperimentProvider&#10;1529734296172	addons.manager	DEBUG	Registering shutdown blocker for PreviousExperimentProvider&#10;1529734296173	addons.manager	DEBUG	Provider finished startup: PreviousExperimentProvider&#10;1529734296182	DeferredSave.addons.json	DEBUG	Starting write&#10;1529734297716	DeferredSave.extensions.json	DEBUG	Write succeeded&#10;1529734297743	DeferredSave.addons.json	DEBUG	Write succeeded&#10;&#10;Build info: version: &apos;2.53.1&apos;, revision: &apos;a36b8b1cd5757287168e54b817830adce9b0158d&apos;, time: &apos;2016-06-30 19:26:09&apos;&#10;System info: host: &apos;DESKTOP-BU5HHNK&apos;, ip: &apos;192.168.1.18&apos;, os.name: &apos;Windows 10&apos;, os.arch: &apos;amd64&apos;, os.version: &apos;10.0&apos;, java.version: &apos;1.8.0_162&apos;&#10;Driver info: driver.version: FirefoxDriver" type="org.openqa.selenium.WebDriverException"><![CDATA[org.openqa.selenium.WebDriverException: Failed to connect to binary FirefoxBinary(C:\Program Files (x86)\Mozilla Firefox\firefox.exe) on port 7055; process output follows: 
"updateKey":null,"optionsURL":null,"optionsType":null,"aboutURL":null,"icons":{"32":"icon.png","48":"icon.png"},"iconURL":null,"icon64URL":null,"defaultLocale":{"name":"Default","description":"The default theme.","creator":"Mozilla","homepageURL":null,"contributors":["Mozilla Contributors"]},"visible":true,"active":true,"userDisabled":false,"appDisabled":false,"descriptor":"C:\\Program Files (x86)\\Mozilla Firefox\\browser\\extensions\\{972ce4c6-7e08-4474-a285-3208198ce6fd}.xpi","installDate":1466734942000,"updateDate":1466734942000,"applyBackgroundUpdates":1,"skinnable":true,"size":22012,"sourceURI":null,"releaseNotesURI":null,"softDisabled":false,"foreignInstall":false,"hasBinaryComponents":false,"strictCompatibility":true,"locales":[],"targetApplications":[{"id":"{ec8030f7-c20a-464f-9b0e-13a3a9e97384}","minVersion":"47.0.1","maxVersion":"47.0.1"}],"targetPlatforms":[],"seen":true}
1529734266848	addons.xpi	DEBUG	getModTime: Recursive scan of {972ce4c6-7e08-4474-a285-3208198ce6fd}
1529734266850	DeferredSave.extensions.json	DEBUG	Save changes
1529734266850	addons.xpi	DEBUG	Updating database with changes to installed add-ons
1529734266850	addons.xpi-utils	DEBUG	Updating add-on states
1529734266852	addons.xpi-utils	DEBUG	Writing add-ons list
1529734266857	addons.xpi	DEBUG	Registering manifest for C:\Program Files (x86)\Mozilla Firefox\browser\features\e10srollout@mozilla.org.xpi
1529734266857	addons.xpi	DEBUG	Calling bootstrap method startup on e10srollout@mozilla.org version 1.0
1529734266858	addons.xpi	DEBUG	Registering manifest for C:\Program Files (x86)\Mozilla Firefox\browser\features\firefox@getpocket.com.xpi
1529734266862	addons.xpi	DEBUG	Calling bootstrap method startup on firefox@getpocket.com version 1.0.2
1529734266863	addons.xpi	DEBUG	Registering manifest for C:\Program Files (x86)\Mozilla Firefox\browser\features\loop@mozilla.org.xpi
1529734266864	addons.xpi	DEBUG	Calling bootstrap method startup on loop@mozilla.org version 1.3.2
1529734266890	addons.manager	DEBUG	Registering shutdown blocker for XPIProvider
1529734266891	addons.manager	DEBUG	Provider finished startup: XPIProvider
1529734266891	addons.manager	DEBUG	Starting provider: LightweightThemeManager
1529734266891	addons.manager	DEBUG	Registering shutdown blocker for LightweightThemeManager
1529734266891	addons.manager	DEBUG	Provider finished startup: LightweightThemeManager
1529734266892	addons.manager	DEBUG	Starting provider: GMPProvider
1529734266919	addons.manager	DEBUG	Registering shutdown blocker for GMPProvider
1529734266919	addons.manager	DEBUG	Provider finished startup: GMPProvider
1529734266919	addons.manager	DEBUG	Starting provider: PluginProvider
1529734266919	addons.manager	DEBUG	Registering shutdown blocker for PluginProvider
1529734266920	addons.manager	DEBUG	Provider finished startup: PluginProvider
1529734266920	addons.manager	DEBUG	Completed startup sequence
1529734278536	addons.manager	DEBUG	Starting provider: <unnamed-provider>
1529734278537	addons.manager	DEBUG	Registering shutdown blocker for <unnamed-provider>
1529734278537	addons.manager	DEBUG	Provider finished startup: <unnamed-provider>
1529734294070	DeferredSave.extensions.json	DEBUG	Write succeeded
1529734294071	addons.xpi-utils	DEBUG	XPI Database saved, setting schema version preference to 17
1529734294072	DeferredSave.extensions.json	DEBUG	Starting timer
1529734294097	DeferredSave.extensions.json	DEBUG	Starting write
1529734294101	addons.repository	DEBUG	No addons.json found.
1529734294104	DeferredSave.addons.json	DEBUG	Save changes
1529734294211	DeferredSave.addons.json	DEBUG	Starting timer
1529734296171	addons.manager	DEBUG	Starting provider: PreviousExperimentProvider
1529734296172	addons.manager	DEBUG	Registering shutdown blocker for PreviousExperimentProvider
1529734296173	addons.manager	DEBUG	Provider finished startup: PreviousExperimentProvider
1529734296182	DeferredSave.addons.json	DEBUG	Starting write
1529734297716	DeferredSave.extensions.json	DEBUG	Write succeeded
1529734297743	DeferredSave.addons.json	DEBUG	Write succeeded

Build info: version: '2.53.1', revision: 'a36b8b1cd5757287168e54b817830adce9b0158d', time: '2016-06-30 19:26:09'
System info: host: 'DESKTOP-BU5HHNK', ip: '192.168.1.18', os.name: 'Windows 10', os.arch: 'amd64', os.version: '10.0', java.version: '1.8.0_162'
Driver info: driver.version: FirefoxDriver
	at org.openqa.selenium.firefox.internal.NewProfileExtensionConnection.start(NewProfileExtensionConnection.java:113)
	at org.openqa.selenium.firefox.FirefoxDriver.startClient(FirefoxDriver.java:271)
	at org.openqa.selenium.remote.RemoteWebDriver.<init>(RemoteWebDriver.java:119)
	at org.openqa.selenium.firefox.FirefoxDriver.<init>(FirefoxDriver.java:216)
	at org.openqa.selenium.firefox.FirefoxDriver.<init>(FirefoxDriver.java:211)
	at org.openqa.selenium.firefox.FirefoxDriver.<init>(FirefoxDriver.java:207)
	at org.openqa.selenium.firefox.FirefoxDriver.<init>(FirefoxDriver.java:120)
	at sampleGitTest.SampleGitTest2.logintest(SampleGitTest2.java:18)
]]></failure>
    <system-err><![CDATA[org.openqa.selenium.firefox.NotConnectedException: Unable to connect to host 127.0.0.1 on port 7055 after 45000 ms. Firefox console output:
"updateKey":null,"optionsURL":null,"optionsType":null,"aboutURL":null,"icons":{"32":"icon.png","48":"icon.png"},"iconURL":null,"icon64URL":null,"defaultLocale":{"name":"Default","description":"The default theme.","creator":"Mozilla","homepageURL":null,"contributors":["Mozilla Contributors"]},"visible":true,"active":true,"userDisabled":false,"appDisabled":false,"descriptor":"C:\\Program Files (x86)\\Mozilla Firefox\\browser\\extensions\\{972ce4c6-7e08-4474-a285-3208198ce6fd}.xpi","installDate":1466734942000,"updateDate":1466734942000,"applyBackgroundUpdates":1,"skinnable":true,"size":22012,"sourceURI":null,"releaseNotesURI":null,"softDisabled":false,"foreignInstall":false,"hasBinaryComponents":false,"strictCompatibility":true,"locales":[],"targetApplications":[{"id":"{ec8030f7-c20a-464f-9b0e-13a3a9e97384}","minVersion":"47.0.1","maxVersion":"47.0.1"}],"targetPlatforms":[],"seen":true}
1529734266848	addons.xpi	DEBUG	getModTime: Recursive scan of {972ce4c6-7e08-4474-a285-3208198ce6fd}
1529734266850	DeferredSave.extensions.json	DEBUG	Save changes
1529734266850	addons.xpi	DEBUG	Updating database with changes to installed add-ons
1529734266850	addons.xpi-utils	DEBUG	Updating add-on states
1529734266852	addons.xpi-utils	DEBUG	Writing add-ons list
1529734266857	addons.xpi	DEBUG	Registering manifest for C:\Program Files (x86)\Mozilla Firefox\browser\features\e10srollout@mozilla.org.xpi
1529734266857	addons.xpi	DEBUG	Calling bootstrap method startup on e10srollout@mozilla.org version 1.0
1529734266858	addons.xpi	DEBUG	Registering manifest for C:\Program Files (x86)\Mozilla Firefox\browser\features\firefox@getpocket.com.xpi
1529734266862	addons.xpi	DEBUG	Calling bootstrap method startup on firefox@getpocket.com version 1.0.2
1529734266863	addons.xpi	DEBUG	Registering manifest for C:\Program Files (x86)\Mozilla Firefox\browser\features\loop@mozilla.org.xpi
1529734266864	addons.xpi	DEBUG	Calling bootstrap method startup on loop@mozilla.org version 1.3.2
1529734266890	addons.manager	DEBUG	Registering shutdown blocker for XPIProvider
1529734266891	addons.manager	DEBUG	Provider finished startup: XPIProvider
1529734266891	addons.manager	DEBUG	Starting provider: LightweightThemeManager
1529734266891	addons.manager	DEBUG	Registering shutdown blocker for LightweightThemeManager
1529734266891	addons.manager	DEBUG	Provider finished startup: LightweightThemeManager
1529734266892	addons.manager	DEBUG	Starting provider: GMPProvider
1529734266919	addons.manager	DEBUG	Registering shutdown blocker for GMPProvider
1529734266919	addons.manager	DEBUG	Provider finished startup: GMPProvider
1529734266919	addons.manager	DEBUG	Starting provider: PluginProvider
1529734266919	addons.manager	DEBUG	Registering shutdown blocker for PluginProvider
1529734266920	addons.manager	DEBUG	Provider finished startup: PluginProvider
1529734266920	addons.manager	DEBUG	Completed startup sequence
1529734278536	addons.manager	DEBUG	Starting provider: <unnamed-provider>
1529734278537	addons.manager	DEBUG	Registering shutdown blocker for <unnamed-provider>
1529734278537	addons.manager	DEBUG	Provider finished startup: <unnamed-provider>
1529734294070	DeferredSave.extensions.json	DEBUG	Write succeeded
1529734294071	addons.xpi-utils	DEBUG	XPI Database saved, setting schema version preference to 17
1529734294072	DeferredSave.extensions.json	DEBUG	Starting timer
1529734294097	DeferredSave.extensions.json	DEBUG	Starting write
1529734294101	addons.repository	DEBUG	No addons.json found.
1529734294104	DeferredSave.addons.json	DEBUG	Save changes
1529734294211	DeferredSave.addons.json	DEBUG	Starting timer
1529734296171	addons.manager	DEBUG	Starting provider: PreviousExperimentProvider
1529734296172	addons.manager	DEBUG	Registering shutdown blocker for PreviousExperimentProvider
1529734296173	addons.manager	DEBUG	Provider finished startup: PreviousExperimentProvider
1529734296182	DeferredSave.addons.json	DEBUG	Starting write
1529734297716	DeferredSave.extensions.json	DEBUG	Write succeeded
1529734297743	DeferredSave.addons.json	DEBUG	Write succeeded

	at org.openqa.selenium.firefox.internal.NewProfileExtensionConnection.start(NewProfileExtensionConnection.java:113)
	at org.openqa.selenium.firefox.FirefoxDriver.startClient(FirefoxDriver.java:271)
	at org.openqa.selenium.remote.RemoteWebDriver.<init>(RemoteWebDriver.java:119)
	at org.openqa.selenium.firefox.FirefoxDriver.<init>(FirefoxDriver.java:216)
	at org.openqa.selenium.firefox.FirefoxDriver.<init>(FirefoxDriver.java:211)
	at org.openqa.selenium.firefox.FirefoxDriver.<init>(FirefoxDriver.java:207)
	at org.openqa.selenium.firefox.FirefoxDriver.<init>(FirefoxDriver.java:120)
	at sampleGitTest.SampleGitTest2.logintest(SampleGitTest2.java:18)
	at sun.reflect.NativeMethodAccessorImpl.invoke0(Native Method)
	at sun.reflect.NativeMethodAccessorImpl.invoke(NativeMethodAccessorImpl.java:62)
	at sun.reflect.DelegatingMethodAccessorImpl.invoke(DelegatingMethodAccessorImpl.java:43)
	at java.lang.reflect.Method.invoke(Method.java:498)
	at org.testng.internal.MethodInvocationHelper.invokeMethod(MethodInvocationHelper.java:104)
	at org.testng.internal.Invoker.invokeMethod(Invoker.java:645)
	at org.testng.internal.Invoker.invokeTestMethod(Invoker.java:851)
	at org.testng.internal.Invoker.invokeTestMethods(Invoker.java:1177)
	at org.testng.internal.TestMethodWorker.invokeTestMethods(TestMethodWorker.java:129)
	at org.testng.internal.TestMethodWorker.run(TestMethodWorker.java:112)
	at org.testng.TestRunner.privateRun(TestRunner.java:756)
	at org.testng.TestRunner.run(TestRunner.java:610)
	at org.testng.SuiteRunner.runTest(SuiteRunner.java:387)
	at org.testng.SuiteRunner.runSequentially(SuiteRunner.java:382)
	at org.testng.SuiteRunner.privateRun(SuiteRunner.java:340)
	at org.testng.SuiteRunner.run(SuiteRunner.java:289)
	at org.testng.SuiteRunnerWorker.runSuite(SuiteRunnerWorker.java:52)
	at org.testng.SuiteRunnerWorker.run(SuiteRunnerWorker.java:86)
	at org.testng.TestNG.runSuitesSequentially(TestNG.java:1293)
	at org.testng.TestNG.runSuitesLocally(TestNG.java:1218)
	at org.testng.TestNG.runSuites(TestNG.java:1133)
	at org.testng.TestNG.run(TestNG.java:1104)
	at org.apache.maven.surefire.testng.TestNGExecutor.run(TestNGExecutor.java:295)
	at org.apache.maven.surefire.testng.TestNGXmlTestSuite.execute(TestNGXmlTestSuite.java:84)
	at org.apache.maven.surefire.testng.TestNGProvider.invoke(TestNGProvider.java:90)
	at org.apache.maven.surefire.booter.ForkedBooter.invokeProviderInSameClassLoader(ForkedBooter.java:203)
	at org.apache.maven.surefire.booter.ForkedBooter.runSuitesInProcess(ForkedBooter.java:155)
	at org.apache.maven.surefire.booter.ForkedBooter.main(ForkedBooter.java:103)
]]></system-err>
  </testcase>
</testsuite>