<?xml version="1.0" encoding="UTF-8"?>
<!-- Generated by org.testng.reporters.JUnitReportReporter -->
<testsuite skipped="0" hostname="DESKTOP-BU5HHNK" name="sampleGitTest.SampleGitTest" tests="1" failures="0" timestamp="16 Jun 2018 06:16:26 GMT" time="42.472" errors="0">
  <testcase name="logintest" time="42.472" classname="sampleGitTest.SampleGitTest"/>
</testsuite> <!-- sampleGitTest.SampleGitTest -->
