<?xml version="1.0" encoding="UTF-8"?>
<!-- Generated by org.testng.reporters.JUnitReportReporter -->
<testsuite name="sampleGitTest.SampleGitTest2" tests="1" time="98.463" ignored="0" failures="0" timestamp="23 Jun 2018 06:12:26 GMT" skipped="0" hostname="DESKTOP-BU5HHNK" errors="1">
  <testcase name="logintest" time="98.463" classname="sampleGitTest.SampleGitTest2">
    <error type="org.openqa.selenium.WebDriverException" message="Failed to connect to binary FirefoxBinary(C:\Program Files (x86)\Mozilla Firefox\firefox.exe) on port 7055; process output follows: 
&quot;updateKey&quot;:null,&quot;optionsURL&quot;:null,&quot;optionsType&quot;:null,&quot;aboutURL&quot;:null,&quot;icons&quot;:{&quot;32&quot;:&quot;icon.png&quot;,&quot;48&quot;:&quot;icon.png&quot;},&quot;iconURL&quot;:null,&quot;icon64URL&quot;:null,&quot;defaultLocale&quot;:{&quot;name&quot;:&quot;Default&quot;,&quot;description&quot;:&quot;The default theme.&quot;,&quot;creator&quot;:&quot;Mozilla&quot;,&quot;homepageURL&quot;:null,&quot;contributors&quot;:[&quot;Mozilla Contributors&quot;]},&quot;visible&quot;:true,&quot;active&quot;:true,&quot;userDisabled&quot;:false,&quot;appDisabled&quot;:false,&quot;descriptor&quot;:&quot;C:\\Program Files (x86)\\Mozilla Firefox\\browser\\extensions\\{972ce4c6-7e08-4474-a285-3208198ce6fd}.xpi&quot;,&quot;installDate&quot;:1466734942000,&quot;updateDate&quot;:1466734942000,&quot;applyBackgroundUpdates&quot;:1,&quot;skinnable&quot;:true,&quot;size&quot;:22012,&quot;sourceURI&quot;:null,&quot;releaseNotesURI&quot;:null,&quot;softDisabled&quot;:false,&quot;foreignInstall&quot;:false,&quot;hasBinaryComponents&quot;:false,&quot;strictCompatibility&quot;:true,&quot;locales&quot;:[],&quot;targetApplications&quot;:[{&quot;id&quot;:&quot;{ec8030f7-c20a-464f-9b0e-13a3a9e97384}&quot;,&quot;minVersion&quot;:&quot;47.0.1&quot;,&quot;maxVersion&quot;:&quot;47.0.1&quot;}],&quot;targetPlatforms&quot;:[],&quot;seen&quot;:true}
1529734266848	addons.xpi	DEBUG	getModTime: Recursive scan of {972ce4c6-7e08-4474-a285-3208198ce6fd}
1529734266850	DeferredSave.extensions.json	DEBUG	Save changes
1529734266850	addons.xpi	DEBUG	Updating database with changes to installed add-ons
1529734266850	addons.xpi-utils	DEBUG	Updating add-on states
1529734266852	addons.xpi-utils	DEBUG	Writing add-ons list
1529734266857	addons.xpi	DEBUG	Registering manifest for C:\Program Files (x86)\Mozilla Firefox\browser\features\e10srollout@mozilla.org.xpi
1529734266857	addons.xpi	DEBUG	Calling bootstrap method startup on e10srollout@mozilla.org version 1.0
1529734266858	addons.xpi	DEBUG	Registering manifest for C:\Program Files (x86)\Mozilla Firefox\browser\features\firefox@getpocket.com.xpi
1529734266862	addons.xpi	DEBUG	Calling bootstrap method startup on firefox@getpocket.com version 1.0.2
1529734266863	addons.xpi	DEBUG	Registering manifest for C:\Program Files (x86)\Mozilla Firefox\browser\features\loop@mozilla.org.xpi
1529734266864	addons.xpi	DEBUG	Calling bootstrap method startup on loop@mozilla.org version 1.3.2
1529734266890	addons.manager	DEBUG	Registering shutdown blocker for XPIProvider
1529734266891	addons.manager	DEBUG	Provider finished startup: XPIProvider
1529734266891	addons.manager	DEBUG	Starting provider: LightweightThemeManager
1529734266891	addons.manager	DEBUG	Registering shutdown blocker for LightweightThemeManager
1529734266891	addons.manager	DEBUG	Provider finished startup: LightweightThemeManager
1529734266892	addons.manager	DEBUG	Starting provider: GMPProvider
1529734266919	addons.manager	DEBUG	Registering shutdown blocker for GMPProvider
1529734266919	addons.manager	DEBUG	Provider finished startup: GMPProvider
1529734266919	addons.manager	DEBUG	Starting provider: PluginProvider
1529734266919	addons.manager	DEBUG	Registering shutdown blocker for PluginProvider
1529734266920	addons.manager	DEBUG	Provider finished startup: PluginProvider
1529734266920	addons.manager	DEBUG	Completed startup sequence
1529734278536	addons.manager	DEBUG	Starting provider: &lt;unnamed-provider&gt;
1529734278537	addons.manager	DEBUG	Registering shutdown blocker for &lt;unnamed-provider&gt;
1529734278537	addons.manager	DEBUG	Provider finished startup: &lt;unnamed-provider&gt;
1529734294070	DeferredSave.extensions.json	DEBUG	Write succeeded
1529734294071	addons.xpi-utils	DEBUG	XPI Database saved, setting schema version preference to 17
1529734294072	DeferredSave.extensions.json	DEBUG	Starting timer
1529734294097	DeferredSave.extensions.json	DEBUG	Starting write
1529734294101	addons.repository	DEBUG	No addons.json found.
1529734294104	DeferredSave.addons.json	DEBUG	Save changes
1529734294211	DeferredSave.addons.json	DEBUG	Starting timer
1529734296171	addons.manager	DEBUG	Starting provider: PreviousExperimentProvider
1529734296172	addons.manager	DEBUG	Registering shutdown blocker for PreviousExperimentProvider
1529734296173	addons.manager	DEBUG	Provider finished startup: PreviousExperimentProvider
1529734296182	DeferredSave.addons.json	DEBUG	Starting write
1529734297716	DeferredSave.extensions.json	DEBUG	Write succeeded
1529734297743	DeferredSave.addons.json	DEBUG	Write succeeded

Build info: version: &#039;2.53.1&#039;, revision: &#039;a36b8b1cd5757287168e54b817830adce9b0158d&#039;, time: &#039;2016-06-30 19:26:09&#039;
System info: host: &#039;DESKTOP-BU5HHNK&#039;, ip: &#039;192.168.1.18&#039;, os.name: &#039;Windows 10&#039;, os.arch: &#039;amd64&#039;, os.version: &#039;10.0&#039;, java.version: &#039;1.8.0_162&#039;
Driver info: driver.version: FirefoxDriver">
      <![CDATA[org.openqa.selenium.WebDriverException: Failed to connect to binary FirefoxBinary(C:\Program Files (x86)\Mozilla Firefox\firefox.exe) on port 7055; process output follows: 
"updateKey":null,"optionsURL":null,"optionsType":null,"aboutURL":null,"icons":{"32":"icon.png","48":"icon.png"},"iconURL":null,"icon64URL":null,"defaultLocale":{"name":"Default","description":"The default theme.","creator":"Mozilla","homepageURL":null,"contributors":["Mozilla Contributors"]},"visible":true,"active":true,"userDisabled":false,"appDisabled":false,"descriptor":"C:\\Program Files (x86)\\Mozilla Firefox\\browser\\extensions\\{972ce4c6-7e08-4474-a285-3208198ce6fd}.xpi","installDate":1466734942000,"updateDate":1466734942000,"applyBackgroundUpdates":1,"skinnable":true,"size":22012,"sourceURI":null,"releaseNotesURI":null,"softDisabled":false,"foreignInstall":false,"hasBinaryComponents":false,"strictCompatibility":true,"locales":[],"targetApplications":[{"id":"{ec8030f7-c20a-464f-9b0e-13a3a9e97384}","minVersion":"47.0.1","maxVersion":"47.0.1"}],"targetPlatforms":[],"seen":true}
1529734266848	addons.xpi	DEBUG	getModTime: Recursive scan of {972ce4c6-7e08-4474-a285-3208198ce6fd}
1529734266850	DeferredSave.extensions.json	DEBUG	Save changes
1529734266850	addons.xpi	DEBUG	Updating database with changes to installed add-ons
1529734266850	addons.xpi-utils	DEBUG	Updating add-on states
1529734266852	addons.xpi-utils	DEBUG	Writing add-ons list
1529734266857	addons.xpi	DEBUG	Registering manifest for C:\Program Files (x86)\Mozilla Firefox\browser\features\e10srollout@mozilla.org.xpi
1529734266857	addons.xpi	DEBUG	Calling bootstrap method startup on e10srollout@mozilla.org version 1.0
1529734266858	addons.xpi	DEBUG	Registering manifest for C:\Program Files (x86)\Mozilla Firefox\browser\features\firefox@getpocket.com.xpi
1529734266862	addons.xpi	DEBUG	Calling bootstrap method startup on firefox@getpocket.com version 1.0.2
1529734266863	addons.xpi	DEBUG	Registering manifest for C:\Program Files (x86)\Mozilla Firefox\browser\features\loop@mozilla.org.xpi
1529734266864	addons.xpi	DEBUG	Calling bootstrap method startup on loop@mozilla.org version 1.3.2
1529734266890	addons.manager	DEBUG	Registering shutdown blocker for XPIProvider
1529734266891	addons.manager	DEBUG	Provider finished startup: XPIProvider
1529734266891	addons.manager	DEBUG	Starting provider: LightweightThemeManager
1529734266891	addons.manager	DEBUG	Registering shutdown blocker for LightweightThemeManager
1529734266891	addons.manager	DEBUG	Provider finished startup: LightweightThemeManager
1529734266892	addons.manager	DEBUG	Starting provider: GMPProvider
1529734266919	addons.manager	DEBUG	Registering shutdown blocker for GMPProvider
1529734266919	addons.manager	DEBUG	Provider finished startup: GMPProvider
1529734266919	addons.manager	DEBUG	Starting provider: PluginProvider
1529734266919	addons.manager	DEBUG	Registering shutdown blocker for PluginProvider
1529734266920	addons.manager	DEBUG	Provider finished startup: PluginProvider
1529734266920	addons.manager	DEBUG	Completed startup sequence
1529734278536	addons.manager	DEBUG	Starting provider: <unnamed-provider>
1529734278537	addons.manager	DEBUG	Registering shutdown blocker for <unnamed-provider>
1529734278537	addons.manager	DEBUG	Provider finished startup: <unnamed-provider>
1529734294070	DeferredSave.extensions.json	DEBUG	Write succeeded
1529734294071	addons.xpi-utils	DEBUG	XPI Database saved, setting schema version preference to 17
1529734294072	DeferredSave.extensions.json	DEBUG	Starting timer
1529734294097	DeferredSave.extensions.json	DEBUG	Starting write
1529734294101	addons.repository	DEBUG	No addons.json found.
1529734294104	DeferredSave.addons.json	DEBUG	Save changes
1529734294211	DeferredSave.addons.json	DEBUG	Starting timer
1529734296171	addons.manager	DEBUG	Starting provider: PreviousExperimentProvider
1529734296172	addons.manager	DEBUG	Registering shutdown blocker for PreviousExperimentProvider
1529734296173	addons.manager	DEBUG	Provider finished startup: PreviousExperimentProvider
1529734296182	DeferredSave.addons.json	DEBUG	Starting write
1529734297716	DeferredSave.extensions.json	DEBUG	Write succeeded
1529734297743	DeferredSave.addons.json	DEBUG	Write succeeded

Build info: version: '2.53.1', revision: 'a36b8b1cd5757287168e54b817830adce9b0158d', time: '2016-06-30 19:26:09'
System info: host: 'DESKTOP-BU5HHNK', ip: '192.168.1.18', os.name: 'Windows 10', os.arch: 'amd64', os.version: '10.0', java.version: '1.8.0_162'
Driver info: driver.version: FirefoxDriver
	at org.openqa.selenium.firefox.internal.NewProfileExtensionConnection.start(NewProfileExtensionConnection.java:125)
	at org.openqa.selenium.firefox.FirefoxDriver.startClient(FirefoxDriver.java:271)
	at org.openqa.selenium.remote.RemoteWebDriver.<init>(RemoteWebDriver.java:119)
	at org.openqa.selenium.firefox.FirefoxDriver.<init>(FirefoxDriver.java:216)
	at org.openqa.selenium.firefox.FirefoxDriver.<init>(FirefoxDriver.java:211)
	at org.openqa.selenium.firefox.FirefoxDriver.<init>(FirefoxDriver.java:207)
	at org.openqa.selenium.firefox.FirefoxDriver.<init>(FirefoxDriver.java:120)
	at sampleGitTest.SampleGitTest2.logintest(SampleGitTest2.java:18)
	at sun.reflect.NativeMethodAccessorImpl.invoke0(Native Method)
	at sun.reflect.NativeMethodAccessorImpl.invoke(NativeMethodAccessorImpl.java:62)
	at sun.reflect.DelegatingMethodAccessorImpl.invoke(DelegatingMethodAccessorImpl.java:43)
	at java.lang.reflect.Method.invoke(Method.java:498)
	at org.testng.internal.MethodInvocationHelper.invokeMethod(MethodInvocationHelper.java:104)
	at org.testng.internal.Invoker.invokeMethod(Invoker.java:645)
	at org.testng.internal.Invoker.invokeTestMethod(Invoker.java:851)
	at org.testng.internal.Invoker.invokeTestMethods(Invoker.java:1177)
	at org.testng.internal.TestMethodWorker.invokeTestMethods(TestMethodWorker.java:129)
	at org.testng.internal.TestMethodWorker.run(TestMethodWorker.java:112)
	at org.testng.TestRunner.privateRun(TestRunner.java:756)
	at org.testng.TestRunner.run(TestRunner.java:610)
	at org.testng.SuiteRunner.runTest(SuiteRunner.java:387)
	at org.testng.SuiteRunner.runSequentially(SuiteRunner.java:382)
	at org.testng.SuiteRunner.privateRun(SuiteRunner.java:340)
	at org.testng.SuiteRunner.run(SuiteRunner.java:289)
	at org.testng.SuiteRunnerWorker.runSuite(SuiteRunnerWorker.java:52)
	at org.testng.SuiteRunnerWorker.run(SuiteRunnerWorker.java:86)
	at org.testng.TestNG.runSuitesSequentially(TestNG.java:1293)
	at org.testng.TestNG.runSuitesLocally(TestNG.java:1218)
	at org.testng.TestNG.runSuites(TestNG.java:1133)
	at org.testng.TestNG.run(TestNG.java:1104)
	at org.apache.maven.surefire.testng.TestNGExecutor.run(TestNGExecutor.java:295)
	at org.apache.maven.surefire.testng.TestNGXmlTestSuite.execute(TestNGXmlTestSuite.java:84)
	at org.apache.maven.surefire.testng.TestNGProvider.invoke(TestNGProvider.java:90)
	at org.apache.maven.surefire.booter.ForkedBooter.invokeProviderInSameClassLoader(ForkedBooter.java:203)
	at org.apache.maven.surefire.booter.ForkedBooter.runSuitesInProcess(ForkedBooter.java:155)
	at org.apache.maven.surefire.booter.ForkedBooter.main(ForkedBooter.java:103)
Caused by: org.openqa.selenium.firefox.NotConnectedException: Unable to connect to host 127.0.0.1 on port 7055 after 45000 ms. Firefox console output:
"updateKey":null,"optionsURL":null,"optionsType":null,"aboutURL":null,"icons":{"32":"icon.png","48":"icon.png"},"iconURL":null,"icon64URL":null,"defaultLocale":{"name":"Default","description":"The default theme.","creator":"Mozilla","homepageURL":null,"contributors":["Mozilla Contributors"]},"visible":true,"active":true,"userDisabled":false,"appDisabled":false,"descriptor":"C:\\Program Files (x86)\\Mozilla Firefox\\browser\\extensions\\{972ce4c6-7e08-4474-a285-3208198ce6fd}.xpi","installDate":1466734942000,"updateDate":1466734942000,"applyBackgroundUpdates":1,"skinnable":true,"size":22012,"sourceURI":null,"releaseNotesURI":null,"softDisabled":false,"foreignInstall":false,"hasBinaryComponents":false,"strictCompatibility":true,"locales":[],"targetApplications":[{"id":"{ec8030f7-c20a-464f-9b0e-13a3a9e97384}","minVersion":"47.0.1","maxVersion":"47.0.1"}],"targetPlatforms":[],"seen":true}
1529734266848	addons.xpi	DEBUG	getModTime: Recursive scan of {972ce4c6-7e08-4474-a285-3208198ce6fd}
1529734266850	DeferredSave.extensions.json	DEBUG	Save changes
1529734266850	addons.xpi	DEBUG	Updating database with changes to installed add-ons
1529734266850	addons.xpi-utils	DEBUG	Updating add-on states
1529734266852	addons.xpi-utils	DEBUG	Writing add-ons list
1529734266857	addons.xpi	DEBUG	Registering manifest for C:\Program Files (x86)\Mozilla Firefox\browser\features\e10srollout@mozilla.org.xpi
1529734266857	addons.xpi	DEBUG	Calling bootstrap method startup on e10srollout@mozilla.org version 1.0
1529734266858	addons.xpi	DEBUG	Registering manifest for C:\Program Files (x86)\Mozilla Firefox\browser\features\firefox@getpocket.com.xpi
1529734266862	addons.xpi	DEBUG	Calling bootstrap method startup on firefox@getpocket.com version 1.0.2
1529734266863	addons.xpi	DEBUG	Registering manifest for C:\Program Files (x86)\Mozilla Firefox\browser\features\loop@mozilla.org.xpi
1529734266864	addons.xpi	DEBUG	Calling bootstrap method startup on loop@mozilla.org version 1.3.2
1529734266890	addons.manager	DEBUG	Registering shutdown blocker for XPIProvider
1529734266891	addons.manager	DEBUG	Provider finished startup: XPIProvider
1529734266891	addons.manager	DEBUG	Starting provider: LightweightThemeManager
1529734266891	addons.manager	DEBUG	Registering shutdown blocker for LightweightThemeManager
1529734266891	addons.manager	DEBUG	Provider finished startup: LightweightThemeManager
1529734266892	addons.manager	DEBUG	Starting provider: GMPProvider
1529734266919	addons.manager	DEBUG	Registering shutdown blocker for GMPProvider
1529734266919	addons.manager	DEBUG	Provider finished startup: GMPProvider
1529734266919	addons.manager	DEBUG	Starting provider: PluginProvider
1529734266919	addons.manager	DEBUG	Registering shutdown blocker for PluginProvider
1529734266920	addons.manager	DEBUG	Provider finished startup: PluginProvider
1529734266920	addons.manager	DEBUG	Completed startup sequence
1529734278536	addons.manager	DEBUG	Starting provider: <unnamed-provider>
1529734278537	addons.manager	DEBUG	Registering shutdown blocker for <unnamed-provider>
1529734278537	addons.manager	DEBUG	Provider finished startup: <unnamed-provider>
1529734294070	DeferredSave.extensions.json	DEBUG	Write succeeded
1529734294071	addons.xpi-utils	DEBUG	XPI Database saved, setting schema version preference to 17
1529734294072	DeferredSave.extensions.json	DEBUG	Starting timer
1529734294097	DeferredSave.extensions.json	DEBUG	Starting write
1529734294101	addons.repository	DEBUG	No addons.json found.
1529734294104	DeferredSave.addons.json	DEBUG	Save changes
1529734294211	DeferredSave.addons.json	DEBUG	Starting timer
1529734296171	addons.manager	DEBUG	Starting provider: PreviousExperimentProvider
1529734296172	addons.manager	DEBUG	Registering shutdown blocker for PreviousExperimentProvider
1529734296173	addons.manager	DEBUG	Provider finished startup: PreviousExperimentProvider
1529734296182	DeferredSave.addons.json	DEBUG	Starting write
1529734297716	DeferredSave.extensions.json	DEBUG	Write succeeded
1529734297743	DeferredSave.addons.json	DEBUG	Write succeeded

	at org.openqa.selenium.firefox.internal.NewProfileExtensionConnection.start(NewProfileExtensionConnection.java:113)
	... 35 more
]]>
    </error>
  </testcase> <!-- logintest -->
</testsuite> <!-- sampleGitTest.SampleGitTest2 -->
